<?xml version="1.0" encoding="UTF-8"?>
<!-- Generated by org.testng.reporters.JUnitReportReporter -->
<testsuite hostname="DESKTOP-JH6DRCK" failures="0" tests="1" name="TestCases.TC_StudyMaterials" time="397.037" errors="0" timestamp="2023-01-03T13:53:00 BDT" skipped="0">
  <testcase classname="TestCases.TC_StudyMaterials" name="studymaterials" time="397.037"/>
  <system-out/>
</testsuite> <!-- TestCases.TC_StudyMaterials -->
