<?xml version="1.0" encoding="UTF-8"?>
<!-- Generated by org.testng.reporters.JUnitReportReporter -->
<testsuite hostname="DESKTOP-JH6DRCK" failures="0" tests="1" name="TestCases.TC_Fees_Collection" time="168.167" errors="0" timestamp="2022-12-29T11:03:59 BDT" skipped="0">
  <testcase classname="TestCases.TC_Fees_Collection" name="TC_Fees_collection" time="168.167"/>
  <system-out/>
</testsuite> <!-- TestCases.TC_Fees_Collection -->
