<?xml version="1.0" encoding="UTF-8"?>
<!-- Generated by org.testng.reporters.JUnitReportReporter -->
<testsuite hostname="DESKTOP-JH6DRCK" failures="0" tests="1" name="TestCases.TC_Admin_Section" time="975.437" errors="0" timestamp="2023-01-03T13:14:07 BDT" skipped="0">
  <testcase classname="TestCases.TC_Admin_Section" name="TC_AdminSection" time="975.437"/>
  <system-out/>
</testsuite> <!-- TestCases.TC_Admin_Section -->
