<?xml version="1.0" encoding="UTF-8"?>
<!-- Generated by org.testng.reporters.JUnitReportReporter -->
<testsuite hostname="DESKTOP-JH6DRCK" failures="0" tests="1" name="TestCases.TC_Dashboard" time="106.371" errors="0" timestamp="2023-01-03T13:19:10 BDT" skipped="0">
  <testcase classname="TestCases.TC_Dashboard" name="dashboard" time="106.371"/>
  <system-out/>
</testsuite> <!-- TestCases.TC_Dashboard -->
