<?xml version="1.0" encoding="UTF-8"?>
<!-- Generated by org.testng.reporters.JUnitReportReporter -->
<testsuite hostname="DESKTOP-JH6DRCK" failures="0" tests="1" name="TestCases.TC_Human_Resource" time="715.979" errors="0" timestamp="2023-01-03T14:31:41 BDT" skipped="0">
  <testcase classname="TestCases.TC_Human_Resource" name="TC_human_Resource" time="715.979"/>
  <system-out/>
</testsuite> <!-- TestCases.TC_Human_Resource -->
