<?xml version="1.0" encoding="UTF-8"?>
<!-- Generated by org.testng.reporters.JUnitReportReporter -->
<testsuite hostname="DESKTOP-JH6DRCK" failures="0" tests="1" name="TestCases.TC_Inventory" time="241.107" errors="0" timestamp="2023-01-03T13:25:22 BDT" skipped="0">
  <testcase classname="TestCases.TC_Inventory" name="inventory" time="241.107"/>
  <system-out/>
</testsuite> <!-- TestCases.TC_Inventory -->
